<?xml version="1.0" encoding="UTF-8"?>
<!-- Generated by org.testng.reporters.JUnitReportReporter -->
<testsuite hostname="AkashSwami" failures="0" tests="2" name="akashswamiacademy.ErrorValidations" time="11.364" errors="0" timestamp="2024-09-28T17:24:34 IST" skipped="0">
  <testcase classname="akashswamiacademy.ErrorValidations" name="LoginErrorValidation" time="3.642"/>
  <testcase classname="akashswamiacademy.ErrorValidations" name="ProductErrorValidation" time="7.722"/>
</testsuite> <!-- akashswamiacademy.ErrorValidations -->
