<?xml version="1.0" encoding="UTF-8"?>
<!-- Generated by org.testng.reporters.JUnitReportReporter -->
<testsuite hostname="AkashSwami" failures="0" tests="3" name="akashswamiacademy.StandAloneTest2" time="18.274" errors="0" timestamp="2024-10-02T00:50:43 IST" skipped="0">
  <testcase classname="akashswamiacademy.StandAloneTest2" name="submitorder" time="8.406"/>
  <testcase classname="akashswamiacademy.StandAloneTest2" name="VerifyOrderHistoryProduct" time="2.380"/>
  <testcase classname="akashswamiacademy.StandAloneTest2" name="submitorder" time="7.488"/>
</testsuite> <!-- akashswamiacademy.StandAloneTest2 -->
