<?xml version="1.0" encoding="UTF-8"?>
<!-- Generated by org.testng.reporters.JUnitReportReporter -->
<testsuite hostname="AkashSwami" failures="0" tests="2" name="akashswamiacademy.ErrorValidations" time="13.851" errors="0" timestamp="2024-09-28T17:55:19 IST" skipped="0">
  <testcase classname="akashswamiacademy.ErrorValidations" name="LoginErrorValidation" time="4.348"/>
  <testcase classname="akashswamiacademy.ErrorValidations" name="ProductErrorValidation" time="9.503"/>
</testsuite> <!-- akashswamiacademy.ErrorValidations -->
